<?xml version="1.0" encoding="UTF-8"?>
<!-- Generated by org.testng.reporters.JUnitReportReporter -->
<testsuite hostname="PC7425" failures="0" tests="1" name="TestNGReport" time="10.088" errors="0" timestamp="18 May 2019 18:37:16 GMT" skipped="0">
  <testcase classname="TestNGReport" name="f" time="10.088"/>
</testsuite> <!-- TestNGReport -->
